<?xml version="1.0" encoding="UTF-8"?>
<testsuite name="ru.netology.unit.CashbackHackServiceTest" tests="2" skipped="0" failures="0" errors="0" timestamp="2025-07-06T13:28:44" hostname="MacBook-Pro-Alena.local" time="0.005">
  <properties/>
  <testcase name="shouldReturn100" classname="ru.netology.unit.CashbackHackServiceTest" time="0.002"/>
  <testcase name="shouldReturn1000" classname="ru.netology.unit.CashbackHackServiceTest" time="0.0"/>
  <system-out><![CDATA[]]></system-out>
  <system-err><![CDATA[]]></system-err>
</testsuite>
